E, [2018-06-25T06:56:37.768235 #4748] ERROR -- Kitchen: ------Exception-------
E, [2018-06-25T06:56:37.768321 #4748] ERROR -- Kitchen: Class: Kitchen::UserError
E, [2018-06-25T06:56:37.768340 #4748] ERROR -- Kitchen: Message: Kitchen YAML file /root/chef-repo/.kitchen.yml does not exist.
E, [2018-06-25T06:56:37.768352 #4748] ERROR -- Kitchen: ----------------------
E, [2018-06-25T06:56:37.768362 #4748] ERROR -- Kitchen: ------Backtrace-------
E, [2018-06-25T06:56:37.768372 #4748] ERROR -- Kitchen: /root/.chefdk/gem/ruby/2.3.0/gems/test-kitchen-1.21.2/lib/kitchen/loader/yaml.rb:65:in `read'
E, [2018-06-25T06:56:37.768382 #4748] ERROR -- Kitchen: /root/.chefdk/gem/ruby/2.3.0/gems/test-kitchen-1.21.2/lib/kitchen/config.rb:152:in `data'
E, [2018-06-25T06:56:37.768393 #4748] ERROR -- Kitchen: /root/.chefdk/gem/ruby/2.3.0/gems/test-kitchen-1.21.2/lib/kitchen/config.rb:131:in `suites'
E, [2018-06-25T06:56:37.768403 #4748] ERROR -- Kitchen: /root/.chefdk/gem/ruby/2.3.0/gems/test-kitchen-1.21.2/lib/kitchen/config.rb:182:in `filter_instances'
E, [2018-06-25T06:56:37.768413 #4748] ERROR -- Kitchen: /root/.chefdk/gem/ruby/2.3.0/gems/test-kitchen-1.21.2/lib/kitchen/config.rb:141:in `build_instances'
E, [2018-06-25T06:56:37.768423 #4748] ERROR -- Kitchen: /root/.chefdk/gem/ruby/2.3.0/gems/test-kitchen-1.21.2/lib/kitchen/config.rb:117:in `instances'
E, [2018-06-25T06:56:37.768433 #4748] ERROR -- Kitchen: /root/.chefdk/gem/ruby/2.3.0/gems/test-kitchen-1.21.2/lib/kitchen/command.rb:112:in `filtered_instances'
E, [2018-06-25T06:56:37.768443 #4748] ERROR -- Kitchen: /root/.chefdk/gem/ruby/2.3.0/gems/test-kitchen-1.21.2/lib/kitchen/command.rb:142:in `parse_subcommand'
E, [2018-06-25T06:56:37.768453 #4748] ERROR -- Kitchen: /root/.chefdk/gem/ruby/2.3.0/gems/test-kitchen-1.21.2/lib/kitchen/command/list.rb:30:in `call'
E, [2018-06-25T06:56:37.768463 #4748] ERROR -- Kitchen: /root/.chefdk/gem/ruby/2.3.0/gems/test-kitchen-1.21.2/lib/kitchen/cli.rb:52:in `perform'
E, [2018-06-25T06:56:37.768473 #4748] ERROR -- Kitchen: /root/.chefdk/gem/ruby/2.3.0/gems/test-kitchen-1.21.2/lib/kitchen/cli.rb:120:in `list'
E, [2018-06-25T06:56:37.768483 #4748] ERROR -- Kitchen: /root/.chefdk/gem/ruby/2.3.0/gems/thor-0.20.0/lib/thor/command.rb:27:in `run'
E, [2018-06-25T06:56:37.768493 #4748] ERROR -- Kitchen: /root/.chefdk/gem/ruby/2.3.0/gems/thor-0.20.0/lib/thor/invocation.rb:126:in `invoke_command'
E, [2018-06-25T06:56:37.768503 #4748] ERROR -- Kitchen: /root/.chefdk/gem/ruby/2.3.0/gems/thor-0.20.0/lib/thor.rb:387:in `dispatch'
E, [2018-06-25T06:56:37.768513 #4748] ERROR -- Kitchen: /root/.chefdk/gem/ruby/2.3.0/gems/thor-0.20.0/lib/thor/base.rb:466:in `start'
E, [2018-06-25T06:56:37.768523 #4748] ERROR -- Kitchen: /root/.chefdk/gem/ruby/2.3.0/gems/test-kitchen-1.21.2/bin/kitchen:13:in `block in <top (required)>'
E, [2018-06-25T06:56:37.768533 #4748] ERROR -- Kitchen: /root/.chefdk/gem/ruby/2.3.0/gems/test-kitchen-1.21.2/lib/kitchen/errors.rb:171:in `with_friendly_errors'
E, [2018-06-25T06:56:37.768543 #4748] ERROR -- Kitchen: /root/.chefdk/gem/ruby/2.3.0/gems/test-kitchen-1.21.2/bin/kitchen:13:in `<top (required)>'
E, [2018-06-25T06:56:37.768553 #4748] ERROR -- Kitchen: /opt/chefdk/embedded/bin/kitchen:22:in `load'
E, [2018-06-25T06:56:37.768563 #4748] ERROR -- Kitchen: /opt/chefdk/embedded/bin/kitchen:22:in `<main>'
E, [2018-06-25T06:56:37.768572 #4748] ERROR -- Kitchen: ----End Backtrace-----
